# JRE version: OpenJDK Runtime Environment (8.0_312-b07) (build 1.8.0_312-b07)
# Java VM: OpenJDK 64-Bit Server VM (25.312-b07 mixed mode windows-amd64 compressed oops)
Heap:
 PSYoungGen      total 116736K, used 58880K [0x00000000f5580000, 0x0000000100000000, 0x0000000100000000)
  eden space 58880K, 100% used [0x00000000f5580000,0x00000000f8f00000,0x00000000f8f00000)
  from space 57856K, 0% used [0x00000000f8f00000,0x00000000f8f00000,0x00000000fc780000)
  to   space 57856K, 0% used [0x00000000fc780000,0x00000000fc780000,0x0000000100000000)
 ParOldGen       total 349696K, used 349527K [0x00000000e0000000, 0x00000000f5580000, 0x00000000f5580000)
  object space 349696K, 99% used [0x00000000e0000000,0x00000000f5555d30,0x00000000f5580000)
 Metaspace       used 111801K, capacity 121736K, committed 122432K, reserved 1155072K
  class space    used 15187K, capacity 17244K, committed 17472K, reserved 1048576K
GC Heap History (10 events):
Event: 6572.761 GC heap before
{Heap before GC invocations=132 (full 59):
 PSYoungGen      total 116736K, used 58880K [0x00000000f5580000, 0x0000000100000000, 0x0000000100000000)
  eden space 58880K, 100% used [0x00000000f5580000,0x00000000f8f00000,0x00000000f8f00000)
  from space 57856K, 0% used [0x00000000f8f00000,0x00000000f8f00000,0x00000000fc780000)
  to   space 57856K, 0% used [0x00000000fc780000,0x00000000fc780000,0x0000000100000000)
 ParOldGen       total 349696K, used 349587K [0x00000000e0000000, 0x00000000f5580000, 0x00000000f5580000)
  object space 349696K, 99% used [0x00000000e0000000,0x00000000f5564ff8,0x00000000f5580000)
 Metaspace       used 111935K, capacity 122044K, committed 122432K, reserved 1155072K
  class space    used 15232K, capacity 17322K, committed 17472K, reserved 1048576K
Event: 6574.565 GC heap after
Heap after GC invocations=132 (full 59):
 PSYoungGen      total 116736K, used 15630K [0x00000000f5580000, 0x0000000100000000, 0x0000000100000000)
  eden space 58880K, 26% used [0x00000000f5580000,0x00000000f64c3a70,0x00000000f8f00000)
  from space 57856K, 0% used [0x00000000f8f00000,0x00000000f8f00000,0x00000000fc780000)
  to   space 57856K, 0% used [0x00000000fc780000,0x00000000fc780000,0x0000000100000000)
 ParOldGen       total 349696K, used 349571K [0x00000000e0000000, 0x00000000f5580000, 0x00000000f5580000)
  object space 349696K, 99% used [0x00000000e0000000,0x00000000f5560e18,0x00000000f5580000)
 Metaspace       used 111935K, capacity 122044K, committed 122432K, reserved 1155072K
  class space    used 15232K, capacity 17322K, committed 17472K, reserved 1048576K
}
Event: 6574.791 GC heap before
{Heap before GC invocations=133 (full 60):
 PSYoungGen      total 116736K, used 58880K [0x00000000f5580000, 0x0000000100000000, 0x0000000100000000)
  eden space 58880K, 100% used [0x00000000f5580000,0x00000000f8f00000,0x00000000f8f00000)
  from space 57856K, 0% used [0x00000000f8f00000,0x00000000f8f00000,0x00000000fc780000)
  to   space 57856K, 0% used [0x00000000fc780000,0x00000000fc780000,0x0000000100000000)
 ParOldGen       total 349696K, used 349571K [0x00000000e0000000, 0x00000000f5580000, 0x00000000f5580000)
  object space 349696K, 99% used [0x00000000e0000000,0x00000000f5560e18,0x00000000f5580000)
 Metaspace       used 111935K, capacity 122044K, committed 122432K, reserved 1155072K
  class space    used 15232K, capacity 17322K, committed 17472K, reserved 1048576K
Event: 6576.368 GC heap after
Heap after GC invocations=133 (full 60):
 PSYoungGen      total 116736K, used 14780K [0x00000000f5580000, 0x0000000100000000, 0x0000000100000000)
  eden space 58880K, 25% used [0x00000000f5580000,0x00000000f63ef068,0x00000000f8f00000)
  from space 57856K, 0% used [0x00000000f8f00000,0x00000000f8f00000,0x00000000fc780000)
  to   space 57856K, 0% used [0x00000000fc780000,0x00000000fc780000,0x0000000100000000)
 ParOldGen       total 349696K, used 349133K [0x00000000e0000000, 0x00000000f5580000, 0x00000000f5580000)
  object space 349696K, 99% used [0x00000000e0000000,0x00000000f54f34e0,0x00000000f5580000)
 Metaspace       used 111795K, capacity 121730K, committed 122432K, reserved 1155072K
  class space    used 15187K, capacity 17243K, committed 17472K, reserved 1048576K
}
Event: 6576.536 GC heap before
{Heap before GC invocations=134 (full 61):
 PSYoungGen      total 116736K, used 58805K [0x00000000f5580000, 0x0000000100000000, 0x0000000100000000)
  eden space 58880K, 99% used [0x00000000f5580000,0x00000000f8eed5b0,0x00000000f8f00000)
  from space 57856K, 0% used [0x00000000f8f00000,0x00000000f8f00000,0x00000000fc780000)
  to   space 57856K, 0% used [0x00000000fc780000,0x00000000fc780000,0x0000000100000000)
 ParOldGen       total 349696K, used 349133K [0x00000000e0000000, 0x00000000f5580000, 0x00000000f5580000)
  object space 349696K, 99% used [0x00000000e0000000,0x00000000f54f34e0,0x00000000f5580000)
 Metaspace       used 111795K, capacity 121730K, committed 122432K, reserved 1155072K
  class space    used 15187K, capacity 17243K, committed 17472K, reserved 1048576K
Event: 6578.114 GC heap after
Heap after GC invocations=134 (full 61):
 PSYoungGen      total 116736K, used 23949K [0x00000000f5580000, 0x0000000100000000, 0x0000000100000000)
  eden space 58880K, 40% used [0x00000000f5580000,0x00000000f6ce3598,0x00000000f8f00000)
  from space 57856K, 0% used [0x00000000f8f00000,0x00000000f8f00000,0x00000000fc780000)
  to   space 57856K, 0% used [0x00000000fc780000,0x00000000fc780000,0x0000000100000000)
 ParOldGen       total 349696K, used 348876K [0x00000000e0000000, 0x00000000f5580000, 0x00000000f5580000)
  object space 349696K, 99% used [0x00000000e0000000,0x00000000f54b3188,0x00000000f5580000)
 Metaspace       used 111795K, capacity 121730K, committed 122432K, reserved 1155072K
  class space    used 15187K, capacity 17243K, committed 17472K, reserved 1048576K
}
Event: 6578.378 GC heap before
{Heap before GC invocations=135 (full 62):
 PSYoungGen      total 116736K, used 58880K [0x00000000f5580000, 0x0000000100000000, 0x0000000100000000)
  eden space 58880K, 100% used [0x00000000f5580000,0x00000000f8f00000,0x00000000f8f00000)
  from space 57856K, 0% used [0x00000000f8f00000,0x00000000f8f00000,0x00000000fc780000)
  to   space 57856K, 0% used [0x00000000fc780000,0x00000000fc780000,0x0000000100000000)
 ParOldGen       total 349696K, used 348876K [0x00000000e0000000, 0x00000000f5580000, 0x00000000f5580000)
  object space 349696K, 99% used [0x00000000e0000000,0x00000000f54b3188,0x00000000f5580000)
 Metaspace       used 111801K, capacity 121736K, committed 122432K, reserved 1155072K
  class space    used 15187K, capacity 17244K, committed 17472K, reserved 1048576K
Event: 6582.253 GC heap after
Heap after GC invocations=135 (full 62):
 PSYoungGen      total 116736K, used 28268K [0x00000000f5580000, 0x0000000100000000, 0x0000000100000000)
  eden space 58880K, 48% used [0x00000000f5580000,0x00000000f711b038,0x00000000f8f00000)
  from space 57856K, 0% used [0x00000000f8f00000,0x00000000f8f00000,0x00000000fc780000)
  to   space 57856K, 0% used [0x00000000fc780000,0x00000000fc780000,0x0000000100000000)
 ParOldGen       total 349696K, used 349527K [0x00000000e0000000, 0x00000000f5580000, 0x00000000f5580000)
  object space 349696K, 99% used [0x00000000e0000000,0x00000000f5555f58,0x00000000f5580000)
 Metaspace       used 111801K, capacity 121736K, committed 122432K, reserved 1155072K
  class space    used 15187K, capacity 17244K, committed 17472K, reserved 1048576K
}
Event: 6582.320 GC heap before
{Heap before GC invocations=136 (full 63):
 PSYoungGen      total 116736K, used 58880K [0x00000000f5580000, 0x0000000100000000, 0x0000000100000000)
  eden space 58880K, 100% used [0x00000000f5580000,0x00000000f8f00000,0x00000000f8f00000)
  from space 57856K, 0% used [0x00000000f8f00000,0x00000000f8f00000,0x00000000fc780000)
  to   space 57856K, 0% used [0x00000000fc780000,0x00000000fc780000,0x0000000100000000)
 ParOldGen       total 349696K, used 349527K [0x00000000e0000000, 0x00000000f5580000, 0x00000000f5580000)
  object space 349696K, 99% used [0x00000000e0000000,0x00000000f5555f58,0x00000000f5580000)
 Metaspace       used 111801K, capacity 121736K, committed 122432K, reserved 1155072K
  class space    used 15187K, capacity 17244K, committed 17472K, reserved 1048576K
Event: 6583.797 GC heap after
Heap after GC invocations=136 (full 63):
 PSYoungGen      total 116736K, used 32518K [0x00000000f5580000, 0x0000000100000000, 0x0000000100000000)
  eden space 58880K, 55% used [0x00000000f5580000,0x00000000f75419b8,0x00000000f8f00000)
  from space 57856K, 0% used [0x00000000f8f00000,0x00000000f8f00000,0x00000000fc780000)
  to   space 57856K, 0% used [0x00000000fc780000,0x00000000fc780000,0x0000000100000000)
 ParOldGen       total 349696K, used 349527K [0x00000000e0000000, 0x00000000f5580000, 0x00000000f5580000)
  object space 349696K, 99% used [0x00000000e0000000,0x00000000f5555d30,0x00000000f5580000)
 Metaspace       used 111801K, capacity 121736K, committed 122432K, reserved 1155072K
  class space    used 15187K, capacity 17244K, committed 17472K, reserved 1048576K
}

